[debug] [2025-03-10T06:34:17.970Z] ----------------------------------------------------------------------
[debug] [2025-03-10T06:34:17.979Z] Command:       C:\Program Files\nodejs\node.exe C:\Users\nanak\AppData\Roaming\npm\node_modules\firebase-tools\lib\bin\firebase.js init
[debug] [2025-03-10T06:34:17.979Z] CLI Version:   13.33.0
[debug] [2025-03-10T06:34:17.980Z] Platform:      win32
[debug] [2025-03-10T06:34:17.980Z] Node Version:  v22.14.0
[debug] [2025-03-10T06:34:17.980Z] Time:          Mon Mar 10 2025 06:34:17 GMT+0000 (Coordinated Universal Time)
[debug] [2025-03-10T06:34:17.981Z] ----------------------------------------------------------------------
[debug] 
[debug] [2025-03-10T06:34:17.991Z] > command requires scopes: ["email","openid","https://www.googleapis.com/auth/cloudplatformprojects.readonly","https://www.googleapis.com/auth/firebase","https://www.googleapis.com/auth/cloud-platform"]
[debug] [2025-03-10T06:34:17.991Z] > authorizing via signed-in user (richardarcher0526@gmail.com)
[info] 
     ######## #### ########  ######## ########     ###     ######  ########
     ##        ##  ##     ## ##       ##     ##  ##   ##  ##       ##
     ######    ##  ########  ######   ########  #########  ######  ######
     ##        ##  ##    ##  ##       ##     ## ##     ##       ## ##
     ##       #### ##     ## ######## ########  ##     ##  ######  ########

You're about to initialize a Firebase project in this directory:

  C:\Users\nanak\OneDrive\Desktop\BALLOT\6 Men Ballot

[info] 
=== Project Setup
[info] 
[info] First, let's associate this project directory with a Firebase project.
[info] You can create multiple project aliases by running firebase use --add, 
[info] but for now we'll just set up a default project.
[info] 
[debug] [2025-03-10T06:35:11.766Z] Checked if tokens are valid: false, expires at: 1741589292192
[debug] [2025-03-10T06:35:11.767Z] Checked if tokens are valid: false, expires at: 1741589292192
[debug] [2025-03-10T06:35:11.767Z] > refreshing access token with scopes: []
[debug] [2025-03-10T06:35:11.772Z] >>> [apiv2][query] POST https://www.googleapis.com/oauth2/v3/token [none]
[debug] [2025-03-10T06:35:11.772Z] >>> [apiv2][body] POST https://www.googleapis.com/oauth2/v3/token [omitted]
[debug] [2025-03-10T06:35:12.556Z] <<< [apiv2][status] POST https://www.googleapis.com/oauth2/v3/token 200
[debug] [2025-03-10T06:35:12.556Z] <<< [apiv2][body] POST https://www.googleapis.com/oauth2/v3/token [omitted]
[debug] [2025-03-10T06:35:12.581Z] >>> [apiv2][query] GET https://firebase.googleapis.com/v1beta1/projects pageSize=100
[debug] [2025-03-10T06:35:13.504Z] <<< [apiv2][status] GET https://firebase.googleapis.com/v1beta1/projects 200
[debug] [2025-03-10T06:35:13.505Z] <<< [apiv2][body] GET https://firebase.googleapis.com/v1beta1/projects [omitted]
[info] i  Using project ballot-entry2 (Ballot Entry2) 
[info] 
=== Dataconnect Setup
[debug] [2025-03-10T06:35:28.818Z] Checked if tokens are valid: true, expires at: 1741592111557
[debug] [2025-03-10T06:35:28.819Z] Checked if tokens are valid: true, expires at: 1741592111557
[debug] [2025-03-10T06:35:28.819Z] >>> [apiv2][query] GET https://cloudbilling.googleapis.com/v1/projects/ballot-entry2/billingInfo [none]
[debug] [2025-03-10T06:35:29.580Z] <<< [apiv2][status] GET https://cloudbilling.googleapis.com/v1/projects/ballot-entry2/billingInfo 200
[debug] [2025-03-10T06:35:29.580Z] <<< [apiv2][body] GET https://cloudbilling.googleapis.com/v1/projects/ballot-entry2/billingInfo {"name":"projects/ballot-entry2/billingInfo","projectId":"ballot-entry2","billingAccountName":"","billingEnabled":false}
[info] i  dataconnect: ensuring required API sqladmin.googleapis.com is enabled... 
[debug] [2025-03-10T06:35:29.585Z] Checked if tokens are valid: true, expires at: 1741592111557
[debug] [2025-03-10T06:35:29.585Z] Checked if tokens are valid: true, expires at: 1741592111557
[debug] [2025-03-10T06:35:29.586Z] >>> [apiv2][query] GET https://serviceusage.googleapis.com/v1/projects/ballot-entry2/services/sqladmin.googleapis.com [none]
[debug] [2025-03-10T06:35:29.586Z] >>> [apiv2][(partial)header] GET https://serviceusage.googleapis.com/v1/projects/ballot-entry2/services/sqladmin.googleapis.com x-goog-quota-user=projects/ballot-entry2
[debug] [2025-03-10T06:35:31.046Z] <<< [apiv2][status] GET https://serviceusage.googleapis.com/v1/projects/ballot-entry2/services/sqladmin.googleapis.com 200
[debug] [2025-03-10T06:35:31.047Z] <<< [apiv2][body] GET https://serviceusage.googleapis.com/v1/projects/ballot-entry2/services/sqladmin.googleapis.com [omitted]
[info] +  dataconnect: required API sqladmin.googleapis.com is enabled 
[info] i  dataconnect\dataconnect.yaml is unchanged 
[info] i  dataconnect\schema\schema.gql is unchanged 
[info] i  dataconnect\connector\connector.yaml is unchanged 
[info] i  dataconnect\connector\queries.gql is unchanged 
[info] i  dataconnect\connector\mutations.gql is unchanged 
[info] i  If you'd like to add the generated SDK to your app your, run firebase init dataconnect:sdk 
[info] i  If you'd like to provision a CloudSQL Postgres instance on the Firebase Data Connect no-cost trial:
1. Please upgrade to the pay-as-you-go (Blaze) billing plan. Visit the following page:
     https://console.firebase.google.com/project/ballot-entry2/usage/details
2. Run firebase init dataconnect again to configure the Cloud SQL instance.
3. Run firebase deploy --only dataconnect to deploy your Data Connect service. 
[info] 
=== Firestore Setup
[debug] [2025-03-10T06:35:31.069Z] Checked if tokens are valid: true, expires at: 1741592111557
[debug] [2025-03-10T06:35:31.069Z] Checked if tokens are valid: true, expires at: 1741592111557
[debug] [2025-03-10T06:35:31.069Z] >>> [apiv2][query] GET https://serviceusage.googleapis.com/v1/projects/ballot-entry2/services/firestore.googleapis.com [none]
[debug] [2025-03-10T06:35:31.069Z] >>> [apiv2][(partial)header] GET https://serviceusage.googleapis.com/v1/projects/ballot-entry2/services/firestore.googleapis.com x-goog-quota-user=projects/ballot-entry2
[debug] [2025-03-10T06:35:32.013Z] <<< [apiv2][status] GET https://serviceusage.googleapis.com/v1/projects/ballot-entry2/services/firestore.googleapis.com 200
[debug] [2025-03-10T06:35:32.014Z] <<< [apiv2][body] GET https://serviceusage.googleapis.com/v1/projects/ballot-entry2/services/firestore.googleapis.com [omitted]
[debug] [2025-03-10T06:35:32.016Z] Checked if tokens are valid: true, expires at: 1741592111557
[debug] [2025-03-10T06:35:32.016Z] Checked if tokens are valid: true, expires at: 1741592111557
[debug] [2025-03-10T06:35:32.017Z] >>> [apiv2][query] GET https://firestore.googleapis.com/v1/projects/ballot-entry2/databases/(default) [none]
[debug] [2025-03-10T06:35:33.605Z] <<< [apiv2][status] GET https://firestore.googleapis.com/v1/projects/ballot-entry2/databases/(default) 200
[debug] [2025-03-10T06:35:33.605Z] <<< [apiv2][body] GET https://firestore.googleapis.com/v1/projects/ballot-entry2/databases/(default) {"name":"projects/ballot-entry2/databases/(default)","uid":"a3f8067c-75de-42bc-b248-711cf5ba1d1d","createTime":"2025-03-10T06:19:02.824254Z","updateTime":"2025-03-10T06:19:02.824254Z","locationId":"nam5","type":"FIRESTORE_NATIVE","concurrencyMode":"PESSIMISTIC","versionRetentionPeriod":"3600s","earliestVersionTime":"2025-03-10T06:19:02.824254Z","appEngineIntegrationMode":"DISABLED","keyPrefix":"s","pointInTimeRecoveryEnablement":"POINT_IN_TIME_RECOVERY_DISABLED","deleteProtectionState":"DELETE_PROTECTION_DISABLED","databaseEdition":"STANDARD","etag":"IKXAhe/y/osDMIiGvtnv/osD"}
[debug] [2025-03-10T06:35:33.605Z] database_type: FIRESTORE_NATIVE
[debug] [2025-03-10T06:35:33.605Z] database_type: FIRESTORE_NATIVE
[debug] [2025-03-10T06:35:33.606Z] > command requires scopes: ["email","openid","https://www.googleapis.com/auth/cloudplatformprojects.readonly","https://www.googleapis.com/auth/firebase","https://www.googleapis.com/auth/cloud-platform"]
[debug] [2025-03-10T06:35:33.606Z] > authorizing via signed-in user (richardarcher0526@gmail.com)
[debug] [2025-03-10T06:35:33.606Z] [iam] checking project ballot-entry2 for permissions ["firebase.projects.get"]
[debug] [2025-03-10T06:35:33.607Z] Checked if tokens are valid: true, expires at: 1741592111557
[debug] [2025-03-10T06:35:33.607Z] Checked if tokens are valid: true, expires at: 1741592111557
[debug] [2025-03-10T06:35:33.607Z] >>> [apiv2][query] POST https://cloudresourcemanager.googleapis.com/v1/projects/ballot-entry2:testIamPermissions [none]
[debug] [2025-03-10T06:35:33.607Z] >>> [apiv2][(partial)header] POST https://cloudresourcemanager.googleapis.com/v1/projects/ballot-entry2:testIamPermissions x-goog-quota-user=projects/ballot-entry2
[debug] [2025-03-10T06:35:33.607Z] >>> [apiv2][body] POST https://cloudresourcemanager.googleapis.com/v1/projects/ballot-entry2:testIamPermissions {"permissions":["firebase.projects.get"]}
[debug] [2025-03-10T06:35:34.976Z] <<< [apiv2][status] POST https://cloudresourcemanager.googleapis.com/v1/projects/ballot-entry2:testIamPermissions 200
[debug] [2025-03-10T06:35:34.977Z] <<< [apiv2][body] POST https://cloudresourcemanager.googleapis.com/v1/projects/ballot-entry2:testIamPermissions {"permissions":["firebase.projects.get"]}
[info] 
[info] Firestore Security Rules allow you to define how and when to allow
[info] requests. You can keep these rules in your project directory
[info] and publish them with firebase deploy.
[info] 
[debug] [2025-03-10T06:36:21.308Z] Checked if tokens are valid: true, expires at: 1741592111557
[debug] [2025-03-10T06:36:21.308Z] Checked if tokens are valid: true, expires at: 1741592111557
[debug] [2025-03-10T06:36:21.308Z] >>> [apiv2][query] GET https://firebaserules.googleapis.com/v1/projects/ballot-entry2/releases pageSize=10&pageToken=
[debug] [2025-03-10T06:36:22.371Z] <<< [apiv2][status] GET https://firebaserules.googleapis.com/v1/projects/ballot-entry2/releases 200
[debug] [2025-03-10T06:36:22.371Z] <<< [apiv2][body] GET https://firebaserules.googleapis.com/v1/projects/ballot-entry2/releases {"releases":[{"name":"projects/ballot-entry2/releases/cloud.firestore","rulesetName":"projects/ballot-entry2/rulesets/9b6e751c-1e22-43ea-a0e0-506f40a206c2","createTime":"2025-03-10T06:19:07.276630Z","updateTime":"2025-03-10T06:19:07.276630Z"}]}
[debug] [2025-03-10T06:36:22.372Z] Found ruleset: projects/ballot-entry2/rulesets/9b6e751c-1e22-43ea-a0e0-506f40a206c2
[debug] [2025-03-10T06:36:22.373Z] Checked if tokens are valid: true, expires at: 1741592111557
[debug] [2025-03-10T06:36:22.374Z] Checked if tokens are valid: true, expires at: 1741592111557
[debug] [2025-03-10T06:36:22.374Z] >>> [apiv2][query] GET https://firebaserules.googleapis.com/v1/projects/ballot-entry2/rulesets/9b6e751c-1e22-43ea-a0e0-506f40a206c2 [none]
[debug] [2025-03-10T06:36:22.737Z] <<< [apiv2][status] GET https://firebaserules.googleapis.com/v1/projects/ballot-entry2/rulesets/9b6e751c-1e22-43ea-a0e0-506f40a206c2 200
[debug] [2025-03-10T06:36:22.738Z] <<< [apiv2][body] GET https://firebaserules.googleapis.com/v1/projects/ballot-entry2/rulesets/9b6e751c-1e22-43ea-a0e0-506f40a206c2 [omitted]
[info] 
[info] Firestore indexes allow you to perform complex queries while
[info] maintaining performance that scales with the size of the result
[info] set. You can keep index definitions in your project directory
[info] and publish them with firebase deploy.
[info] 
[debug] [2025-03-10T06:36:35.127Z] Checked if tokens are valid: true, expires at: 1741592111557
[debug] [2025-03-10T06:36:35.127Z] Checked if tokens are valid: true, expires at: 1741592111557
[debug] [2025-03-10T06:36:35.127Z] Checked if tokens are valid: true, expires at: 1741592111557
[debug] [2025-03-10T06:36:35.127Z] Checked if tokens are valid: true, expires at: 1741592111557
[debug] [2025-03-10T06:36:35.141Z] >>> [apiv2][query] GET https://firestore.googleapis.com/v1/projects/ballot-entry2/databases/(default)/collectionGroups/-/indexes [none]
[debug] [2025-03-10T06:36:35.144Z] >>> [apiv2][query] GET https://firestore.googleapis.com/v1/projects/ballot-entry2/databases/(default)/collectionGroups/-/fields?filter=indexConfig.usesAncestorConfig=false OR ttlConfig:* [none]
[debug] [2025-03-10T06:36:36.690Z] <<< [apiv2][status] GET https://firestore.googleapis.com/v1/projects/ballot-entry2/databases/(default)/collectionGroups/-/fields?filter=indexConfig.usesAncestorConfig=false OR ttlConfig:* 200
[debug] [2025-03-10T06:36:36.690Z] <<< [apiv2][body] GET https://firestore.googleapis.com/v1/projects/ballot-entry2/databases/(default)/collectionGroups/-/fields?filter=indexConfig.usesAncestorConfig=false OR ttlConfig:* {"fields":[{"name":"projects/ballot-entry2/databases/(default)/collectionGroups/__default__/fields/*","indexConfig":{"indexes":[{"queryScope":"COLLECTION","fields":[{"fieldPath":"*","order":"ASCENDING"}],"state":"READY"},{"queryScope":"COLLECTION","fields":[{"fieldPath":"*","order":"DESCENDING"}],"state":"READY"},{"queryScope":"COLLECTION","fields":[{"fieldPath":"*","arrayConfig":"CONTAINS"}],"state":"READY"}]}}]}
[debug] [2025-03-10T06:36:36.877Z] <<< [apiv2][status] GET https://firestore.googleapis.com/v1/projects/ballot-entry2/databases/(default)/collectionGroups/-/indexes 200
[debug] [2025-03-10T06:36:36.878Z] <<< [apiv2][body] GET https://firestore.googleapis.com/v1/projects/ballot-entry2/databases/(default)/collectionGroups/-/indexes {}
[info] 
=== Genkit Setup
[debug] [2025-03-10T06:37:00.948Z] > command requires scopes: ["email","openid","https://www.googleapis.com/auth/cloudplatformprojects.readonly","https://www.googleapis.com/auth/firebase","https://www.googleapis.com/auth/cloud-platform"]
[debug] [2025-03-10T06:37:00.949Z] > authorizing via signed-in user (richardarcher0526@gmail.com)
[debug] [2025-03-10T06:37:00.949Z] [iam] checking project ballot-entry2 for permissions ["firebase.projects.get"]
[debug] [2025-03-10T06:37:00.949Z] Checked if tokens are valid: true, expires at: 1741592111557
[debug] [2025-03-10T06:37:00.949Z] Checked if tokens are valid: true, expires at: 1741592111557
[debug] [2025-03-10T06:37:00.949Z] >>> [apiv2][query] POST https://cloudresourcemanager.googleapis.com/v1/projects/ballot-entry2:testIamPermissions [none]
[debug] [2025-03-10T06:37:00.949Z] >>> [apiv2][(partial)header] POST https://cloudresourcemanager.googleapis.com/v1/projects/ballot-entry2:testIamPermissions x-goog-quota-user=projects/ballot-entry2
[debug] [2025-03-10T06:37:00.949Z] >>> [apiv2][body] POST https://cloudresourcemanager.googleapis.com/v1/projects/ballot-entry2:testIamPermissions {"permissions":["firebase.projects.get"]}
[debug] [2025-03-10T06:37:02.060Z] <<< [apiv2][status] POST https://cloudresourcemanager.googleapis.com/v1/projects/ballot-entry2:testIamPermissions 200
[debug] [2025-03-10T06:37:02.060Z] <<< [apiv2][body] POST https://cloudresourcemanager.googleapis.com/v1/projects/ballot-entry2:testIamPermissions {"permissions":["firebase.projects.get"]}
[debug] [2025-03-10T06:37:02.061Z] Checked if tokens are valid: true, expires at: 1741592111557
[debug] [2025-03-10T06:37:02.061Z] Checked if tokens are valid: true, expires at: 1741592111557
[debug] [2025-03-10T06:37:02.061Z] Checked if tokens are valid: true, expires at: 1741592111557
[debug] [2025-03-10T06:37:02.061Z] Checked if tokens are valid: true, expires at: 1741592111557
[debug] [2025-03-10T06:37:02.061Z] >>> [apiv2][query] GET https://serviceusage.googleapis.com/v1/projects/ballot-entry2/services/cloudfunctions.googleapis.com [none]
[debug] [2025-03-10T06:37:02.061Z] >>> [apiv2][(partial)header] GET https://serviceusage.googleapis.com/v1/projects/ballot-entry2/services/cloudfunctions.googleapis.com x-goog-quota-user=projects/ballot-entry2
[debug] [2025-03-10T06:37:02.064Z] >>> [apiv2][query] GET https://serviceusage.googleapis.com/v1/projects/ballot-entry2/services/runtimeconfig.googleapis.com [none]
[debug] [2025-03-10T06:37:02.064Z] >>> [apiv2][(partial)header] GET https://serviceusage.googleapis.com/v1/projects/ballot-entry2/services/runtimeconfig.googleapis.com x-goog-quota-user=projects/ballot-entry2
[debug] [2025-03-10T06:37:03.272Z] <<< [apiv2][status] GET https://serviceusage.googleapis.com/v1/projects/ballot-entry2/services/runtimeconfig.googleapis.com 200
[debug] [2025-03-10T06:37:03.273Z] <<< [apiv2][body] GET https://serviceusage.googleapis.com/v1/projects/ballot-entry2/services/runtimeconfig.googleapis.com [omitted]
[debug] [2025-03-10T06:37:03.316Z] <<< [apiv2][status] GET https://serviceusage.googleapis.com/v1/projects/ballot-entry2/services/cloudfunctions.googleapis.com 200
[debug] [2025-03-10T06:37:03.317Z] <<< [apiv2][body] GET https://serviceusage.googleapis.com/v1/projects/ballot-entry2/services/cloudfunctions.googleapis.com [omitted]
[debug] [2025-03-10T06:37:03.318Z] Checked if tokens are valid: true, expires at: 1741592111557
[debug] [2025-03-10T06:37:03.318Z] Checked if tokens are valid: true, expires at: 1741592111557
[debug] [2025-03-10T06:37:03.319Z] >>> [apiv2][query] POST https://serviceusage.googleapis.com/v1/projects/ballot-entry2/services/cloudfunctions.googleapis.com:enable [none]
[debug] [2025-03-10T06:37:03.319Z] >>> [apiv2][(partial)header] POST https://serviceusage.googleapis.com/v1/projects/ballot-entry2/services/cloudfunctions.googleapis.com:enable x-goog-quota-user=projects/ballot-entry2
[debug] [2025-03-10T06:37:04.506Z] <<< [apiv2][status] POST https://serviceusage.googleapis.com/v1/projects/ballot-entry2/services/cloudfunctions.googleapis.com:enable 200
[debug] [2025-03-10T06:37:04.507Z] <<< [apiv2][body] POST https://serviceusage.googleapis.com/v1/projects/ballot-entry2/services/cloudfunctions.googleapis.com:enable [omitted]
[debug] [2025-03-10T06:37:14.516Z] Checked if tokens are valid: true, expires at: 1741592111557
[debug] [2025-03-10T06:37:14.517Z] Checked if tokens are valid: true, expires at: 1741592111557
[debug] [2025-03-10T06:37:14.517Z] >>> [apiv2][query] GET https://serviceusage.googleapis.com/v1/projects/ballot-entry2/services/cloudfunctions.googleapis.com [none]
[debug] [2025-03-10T06:37:14.517Z] >>> [apiv2][(partial)header] GET https://serviceusage.googleapis.com/v1/projects/ballot-entry2/services/cloudfunctions.googleapis.com x-goog-quota-user=projects/ballot-entry2
[debug] [2025-03-10T06:37:15.738Z] <<< [apiv2][status] GET https://serviceusage.googleapis.com/v1/projects/ballot-entry2/services/cloudfunctions.googleapis.com 200
[debug] [2025-03-10T06:37:15.739Z] <<< [apiv2][body] GET https://serviceusage.googleapis.com/v1/projects/ballot-entry2/services/cloudfunctions.googleapis.com [omitted]
[info] Let's create a new codebase for your functions.
[info] A directory corresponding to the codebase will be created in your project
[info] with sample code pre-configured.

[info] See https://firebase.google.com/docs/functions/organize-functions for
[info] more information on organizing your functions using codebases.

[info] Functions can be deployed with firebase deploy.

[info] +  Wrote functions/package.json 
[info] +  Wrote functions/.eslintrc.js 
[info] +  Wrote functions/tsconfig.json 
[info] +  Wrote functions/tsconfig.dev.json 
[info] +  Wrote functions/src/index.ts 
[info] +  Wrote functions/.gitignore 
[info] 
[info] i  genkit: Installing Genkit CLI version 1.1.0
 
[info] i  genkit: Installing NPM packages for genkit 
[info] +  genkit: Successfully installed NPM packages 
[info] i  genkit: Updating tsconfig.json 
[info] +  genkit: Successfully updated tsconfig.json 
[info] i  genkit: Updating package.json 
[info] +  genkit: Successfully updated package.json 
[info] i  genkit: Generating sample file 
[info] +  genkit: Successfully generated sample file (src/genkit-sample.ts) 
[info] 
Login to Google Cloud using:
[info]     gcloud auth application-default login --project undefined

[info] Then start the Genkit developer experience by running:
[info]     cd functions && npm run genkit:start
[info] 
=== Functions Setup
[debug] [2025-03-10T06:46:17.073Z] > command requires scopes: ["email","openid","https://www.googleapis.com/auth/cloudplatformprojects.readonly","https://www.googleapis.com/auth/firebase","https://www.googleapis.com/auth/cloud-platform"]
[debug] [2025-03-10T06:46:17.073Z] > authorizing via signed-in user (richardarcher0526@gmail.com)
[debug] [2025-03-10T06:46:17.073Z] [iam] checking project ballot-entry2 for permissions ["firebase.projects.get"]
[debug] [2025-03-10T06:46:17.074Z] Checked if tokens are valid: true, expires at: 1741592111557
[debug] [2025-03-10T06:46:17.074Z] Checked if tokens are valid: true, expires at: 1741592111557
[debug] [2025-03-10T06:46:17.074Z] >>> [apiv2][query] POST https://cloudresourcemanager.googleapis.com/v1/projects/ballot-entry2:testIamPermissions [none]
[debug] [2025-03-10T06:46:17.074Z] >>> [apiv2][(partial)header] POST https://cloudresourcemanager.googleapis.com/v1/projects/ballot-entry2:testIamPermissions x-goog-quota-user=projects/ballot-entry2
[debug] [2025-03-10T06:46:17.074Z] >>> [apiv2][body] POST https://cloudresourcemanager.googleapis.com/v1/projects/ballot-entry2:testIamPermissions {"permissions":["firebase.projects.get"]}
[debug] [2025-03-10T06:46:18.180Z] <<< [apiv2][status] POST https://cloudresourcemanager.googleapis.com/v1/projects/ballot-entry2:testIamPermissions 200
[debug] [2025-03-10T06:46:18.180Z] <<< [apiv2][body] POST https://cloudresourcemanager.googleapis.com/v1/projects/ballot-entry2:testIamPermissions {"permissions":["firebase.projects.get"]}
[debug] [2025-03-10T06:46:18.180Z] Checked if tokens are valid: true, expires at: 1741592111557
[debug] [2025-03-10T06:46:18.180Z] Checked if tokens are valid: true, expires at: 1741592111557
[debug] [2025-03-10T06:46:18.180Z] Checked if tokens are valid: true, expires at: 1741592111557
[debug] [2025-03-10T06:46:18.180Z] Checked if tokens are valid: true, expires at: 1741592111557
[debug] [2025-03-10T06:46:18.180Z] >>> [apiv2][query] GET https://serviceusage.googleapis.com/v1/projects/ballot-entry2/services/cloudfunctions.googleapis.com [none]
[debug] [2025-03-10T06:46:18.181Z] >>> [apiv2][(partial)header] GET https://serviceusage.googleapis.com/v1/projects/ballot-entry2/services/cloudfunctions.googleapis.com x-goog-quota-user=projects/ballot-entry2
[debug] [2025-03-10T06:46:18.183Z] >>> [apiv2][query] GET https://serviceusage.googleapis.com/v1/projects/ballot-entry2/services/runtimeconfig.googleapis.com [none]
[debug] [2025-03-10T06:46:18.183Z] >>> [apiv2][(partial)header] GET https://serviceusage.googleapis.com/v1/projects/ballot-entry2/services/runtimeconfig.googleapis.com x-goog-quota-user=projects/ballot-entry2
[debug] [2025-03-10T06:46:19.511Z] <<< [apiv2][status] GET https://serviceusage.googleapis.com/v1/projects/ballot-entry2/services/runtimeconfig.googleapis.com 200
[debug] [2025-03-10T06:46:19.511Z] <<< [apiv2][body] GET https://serviceusage.googleapis.com/v1/projects/ballot-entry2/services/runtimeconfig.googleapis.com [omitted]
[debug] [2025-03-10T06:46:19.513Z] <<< [apiv2][status] GET https://serviceusage.googleapis.com/v1/projects/ballot-entry2/services/cloudfunctions.googleapis.com 200
[debug] [2025-03-10T06:46:19.514Z] <<< [apiv2][body] GET https://serviceusage.googleapis.com/v1/projects/ballot-entry2/services/cloudfunctions.googleapis.com [omitted]
[info] 
Detected existing codebase(s): default

[info] Let's create a new codebase for your functions.
[info] A directory corresponding to the codebase will be created in your project
[info] with sample code pre-configured.

[info] See https://firebase.google.com/docs/functions/organize-functions for
[info] more information on organizing your functions using codebases.

[info] Functions can be deployed with firebase deploy.

[error] Invalid codebase name. Codebase must be less than 64 characters and can contain only lowercase letters, numeric characters, underscores, and dashes.
[error] Invalid codebase name. Codebase must be less than 64 characters and can contain only lowercase letters, numeric characters, underscores, and dashes.
[error] Invalid codebase name. Codebase must be less than 64 characters and can contain only lowercase letters, numeric characters, underscores, and dashes.
[debug] [2025-03-10T06:49:58.665Z] Error: Path contains invalid characters: C:\Users\nanak\OneDrive\Desktop\BALLOT\6 Men Ballot\use existingC:\Users\nanak\OneDrive\Desktop\BALLOT\6 Men BallotC:\Users\nanak\OneDrive\Desktop\BALLOT\6 Men Ballot
    at checkPath (C:\Users\nanak\AppData\Roaming\npm\node_modules\firebase-tools\node_modules\fs-extra\lib\mkdirs\utils.js:16:21)
    at module.exports.makeDirSync (C:\Users\nanak\AppData\Roaming\npm\node_modules\firebase-tools\node_modules\fs-extra\lib\mkdirs\make-dir.js:21:3)
    at Object.createFileSync (C:\Users\nanak\AppData\Roaming\npm\node_modules\firebase-tools\node_modules\fs-extra\lib\ensure\file.js:59:45)
    at Config.writeProjectFile (C:\Users\nanak\AppData\Roaming\npm\node_modules\firebase-tools\lib\config.js:159:12)
    at C:\Users\nanak\AppData\Roaming\npm\node_modules\firebase-tools\lib\config.js:193:22
    at process.processTicksAndRejections (node:internal/process/task_queues:105:5)
[error] 
[error] Error: An unexpected error has occurred.
